<?xml version="1.0" encoding="UTF-8"?>
<testng-results skipped="0" failed="0" total="4" passed="4">
  <reporter-output>
  </reporter-output>
  <suite name="Suite" duration-ms="47433" started-at="2019-12-24T12:45:26Z" finished-at="2019-12-24T12:46:13Z">
    <groups>
    </groups>
    <test name="TestOne" duration-ms="47433" started-at="2019-12-24T12:45:26Z" finished-at="2019-12-24T12:46:13Z">
      <class name="packageOne.ClassTwo">
        <test-method status="PASS" signature="testTwo()[pri:0, instance:packageOne.ClassTwo@4b6995df]" name="testTwo" duration-ms="10184" started-at="2019-12-24T14:45:41Z" finished-at="2019-12-24T14:45:51Z">
          <reporter-output>
          </reporter-output>
        </test-method> <!-- testTwo -->
      </class> <!-- packageOne.ClassTwo -->
      <class name="packageOne.ClassOne">
        <test-method status="PASS" signature="testOne()[pri:0, instance:packageOne.ClassOne@71f2a7d5]" name="testOne" duration-ms="15257" started-at="2019-12-24T14:45:26Z" finished-at="2019-12-24T14:45:41Z">
          <reporter-output>
          </reporter-output>
        </test-method> <!-- testOne -->
      </class> <!-- packageOne.ClassOne -->
      <class name="packageOne.ClassThree">
        <test-method status="PASS" signature="testThree()[pri:0, instance:packageOne.ClassThree@2fc14f68]" name="testThree" duration-ms="12194" started-at="2019-12-24T14:45:51Z" finished-at="2019-12-24T14:46:03Z">
          <reporter-output>
          </reporter-output>
        </test-method> <!-- testThree -->
      </class> <!-- packageOne.ClassThree -->
      <class name="packageOne.ClassFour">
        <test-method status="PASS" signature="testFour()[pri:0, instance:packageOne.ClassFour@591f989e]" name="testFour" duration-ms="9787" started-at="2019-12-24T14:46:03Z" finished-at="2019-12-24T14:46:13Z">
          <reporter-output>
          </reporter-output>
        </test-method> <!-- testFour -->
      </class> <!-- packageOne.ClassFour -->
    </test> <!-- TestOne -->
  </suite> <!-- Suite -->
</testng-results>
