<?xml version="1.0" encoding="UTF-8"?>
<!-- Generated by org.testng.reporters.JUnitXMLReporter -->
<testsuite hostname="OSIT-L-0463" name="TestTwo" tests="6" failures="0" timestamp="1 Feb 2017 07:11:26 GMT" time="0.032" errors="0">
  <testcase name="testSeven" time="0.003" classname="packageOne.ClassThree"/>
  <testcase name="testEight" time="0.001" classname="packageOne.ClassThree"/>
  <testcase name="testNine" time="0.001" classname="packageOne.ClassThree"/>
  <testcase name="testTen" time="0.002" classname="packageOne.ClassFour"/>
  <testcase name="testEleven" time="0.001" classname="packageOne.ClassFour"/>
  <testcase name="testTweleve" time="0.001" classname="packageOne.ClassFour"/>
</testsuite> <!-- TestTwo -->
