<?xml version="1.0" encoding="UTF-8"?>
<!-- Generated by org.testng.reporters.JUnitXMLReporter -->
<testsuite hostname="OSIT-L-0463" name="TestOne" tests="3" failures="1" timestamp="2 Feb 2017 14:07:23 GMT" time="0.06" errors="0">
  <testcase name="sampleMethodOne" time="0.022" classname="listenersDemo.TestClass"/>
  <testcase name="sampleMethodTwo" time="0.004" classname="listenersDemo.TestClass">
    <failure type="java.lang.AssertionError" message="expected [true] but found [false]">
      <![CDATA[java.lang.AssertionError: expected [true] but found [false]
	at listenersDemo.TestClass.sampleMethodTwo(TestClass.java:21)
... Removed 28 stack frames]]>
    </failure>
  </testcase> <!-- sampleMethodTwo -->
  <testcase name="sampleMethodThree" time="0.002" classname="listenersDemo.TestClass">
    <skipped/>
  </testcase> <!-- sampleMethodThree -->
</testsuite> <!-- TestOne -->
