<?xml version="1.0" encoding="UTF-8"?>
<testng-results skipped="0" failed="0" total="1" passed="1">
  <reporter-output>
  </reporter-output>
  <suite name="Default suite" duration-ms="13425" started-at="2019-12-10T15:55:14Z" finished-at="2019-12-10T15:55:28Z">
    <groups>
    </groups>
    <test name="Default test" duration-ms="13425" started-at="2019-12-10T15:55:14Z" finished-at="2019-12-10T15:55:28Z">
      <class name="packageOne.ClassOne">
        <test-method status="PASS" signature="testOne()[pri:0, instance:packageOne.ClassOne@7c16905e]" name="testOne" duration-ms="13406" started-at="2019-12-10T17:55:14Z" finished-at="2019-12-10T17:55:28Z">
          <reporter-output>
          </reporter-output>
        </test-method> <!-- testOne -->
      </class> <!-- packageOne.ClassOne -->
    </test> <!-- Default test -->
  </suite> <!-- Default suite -->
</testng-results>
